[2025-05-30 12:50:53] [INFO    ] discord.client: logging in using static token
[2025-05-30 12:50:54] [DEBUG   ] discord.http: GET https://discord.com/api/v10/users/@me with None has returned 200
[2025-05-30 12:50:54] [DEBUG   ] discord.http: GET /users/@me has found its initial rate limit bucket hash (78bb8553d9352a5a2f89f9def401287a).
[2025-05-30 12:50:54] [DEBUG   ] discord.http: GET https://discord.com/api/v10/users/@me has received {'id': '1378001250573877248', 'username': 'PDL-Bot', 'avatar': '91944bd9f7a0236b14cc239bf7f8372e', 'discriminator': '3964', 'public_flags': 0, 'flags': 0, 'bot': True, 'banner': None, 'accent_color': None, 'global_name': None, 'avatar_decoration_data': None, 'collectibles': None, 'banner_color': None, 'clan': None, 'primary_guild': None, 'mfa_enabled': True, 'locale': 'en-US', 'premium_type': 0, 'email': None, 'verified': True, 'bio': ''}
[2025-05-30 12:50:54] [DEBUG   ] discord.http: GET https://discord.com/api/v10/oauth2/applications/@me with None has returned 200
[2025-05-30 12:50:54] [DEBUG   ] discord.http: GET /oauth2/applications/@me has found its initial rate limit bucket hash (d28a133af187e91d71d96a223467ce49).
[2025-05-30 12:50:54] [DEBUG   ] discord.http: GET https://discord.com/api/v10/oauth2/applications/@me has received {'id': '1378001250573877248', 'name': 'PDL-Bot', 'icon': None, 'description': '', 'type': None, 'bot': {'id': '1378001250573877248', 'username': 'PDL-Bot', 'avatar': '91944bd9f7a0236b14cc239bf7f8372e', 'discriminator': '3964', 'public_flags': 0, 'flags': 0, 'bot': True, 'banner': None, 'accent_color': None, 'global_name': None, 'avatar_decoration_data': None, 'collectibles': None, 'banner_color': None, 'clan': None, 'primary_guild': None}, 'summary': '', 'is_monetized': False, 'is_verified': False, 'is_discoverable': False, 'bot_public': True, 'bot_require_code_grant': False, 'install_params': {'scopes': ['applications.commands'], 'permissions': '0'}, 'integration_types_config': {'0': {'oauth2_install_params': {'scopes': ['applications.commands'], 'permissions': '0'}}, '1': {'oauth2_install_params': {'scopes': ['applications.commands'], 'permissions': '0'}}}, 'verify_key': '386be78cde99228030a9d0ade04718f818d9604df6be120021568095bebb8f70', 'flags': 557056, 'hook': True, 'storefront_available': False, 'redirect_uris': [], 'interactions_endpoint_url': None, 'role_connections_verification_url': None, 'owner': {'id': '361490346770694145', 'username': 'ogtc07', 'avatar': '933c75493d69f99f24f6dd6aee2c1728', 'discriminator': '0', 'public_flags': 256, 'flags': 256, 'banner': None, 'accent_color': None, 'global_name': 'ogtc07', 'avatar_decoration_data': None, 'collectibles': None, 'banner_color': None, 'clan': None, 'primary_guild': None}, 'approximate_guild_count': 1, 'approximate_user_install_count': 0, 'interactions_event_types': [], 'interactions_version': 1, 'explicit_content_filter': 0, 'rpc_application_state': 0, 'store_application_state': 1, 'verification_state': 1, 'integration_public': True, 'integration_require_code_grant': False, 'discoverability_state': 1, 'discovery_eligibility_flags': 2272, 'monetization_state': 1, 'verification_eligibility_flags': 123804, 'monetization_eligibility_flags': 247524, 'team': None, 'internal_guild_restriction': 2, 'approved_consoles': []}
[2025-05-30 12:50:54] [DEBUG   ] discord.gateway: Created websocket connected to wss://gateway.discord.gg/
[2025-05-30 12:50:54] [DEBUG   ] discord.gateway: For Shard ID None: WebSocket Event: {'t': None, 's': None, 'op': 10, 'd': {'heartbeat_interval': 41250, '_trace': ['["gateway-prd-us-east1-b-5xmz",{"micros":0.0}]']}}
[2025-05-30 12:50:54] [DEBUG   ] discord.gateway: Shard ID None has sent the IDENTIFY payload.
[2025-05-30 12:50:54] [DEBUG   ] discord.gateway: For Shard ID None: WebSocket Event: {'t': None, 's': None, 'op': 11, 'd': None}
[2025-05-30 12:50:55] [DEBUG   ] discord.gateway: For Shard ID None: WebSocket Event: {'t': 'READY', 's': 1, 'op': 0, 'd': {'v': 10, 'user_settings': {}, 'user': {'verified': True, 'username': 'PDL-Bot', 'primary_guild': None, 'mfa_enabled': True, 'id': '1378001250573877248', 'global_name': None, 'flags': 0, 'email': None, 'discriminator': '3964', 'clan': None, 'bot': True, 'avatar': '91944bd9f7a0236b14cc239bf7f8372e'}, 'session_type': 'normal', 'session_id': 'df7c0a699f7100fd16e168b18bf106f1', 'resume_gateway_url': 'wss://gateway-us-east1-b.discord.gg', 'relationships': [], 'private_channels': [], 'presences': [], 'guilds': [{'unavailable': True, 'id': '1378012431959195759'}], 'guild_join_requests': [], 'geo_ordered_rtc_regions': ['newark', 'us-east', 'us-central', 'atlanta', 'us-south'], 'game_relationships': [], 'auth': {}, 'application': {'id': '1378001250573877248', 'flags': 557056}, '_trace': ['["gateway-prd-us-east1-b-5xmz",{"micros":375735,"calls":["id_created",{"micros":349,"calls":[]},"session_lookup_time",{"micros":4354,"calls":[]},"session_lookup_finished",{"micros":14,"calls":[]},"discord-sessions-prd-2-7",{"micros":370256,"calls":["start_session",{"micros":344692,"calls":["discord-api-rpc-575f45946f-r2cvp",{"micros":330098,"calls":["get_user",{"micros":23829},"get_guilds",{"micros":8047},"send_scheduled_deletion_message",{"micros":10},"guild_join_requests",{"micros":403},"authorized_ip_coro",{"micros":20},"pending_payments",{"micros":1019},"apex_user_experiments",{"micros":4},"user_activities",{"micros":2}]}]},"starting_guild_connect",{"micros":57,"calls":[]},"presence_started",{"micros":6345,"calls":[]},"guilds_started",{"micros":98,"calls":[]},"lobbies_started",{"micros":1,"calls":[]},"guilds_connect",{"micros":1,"calls":[]},"presence_connect",{"micros":19048,"calls":[]},"connect_finished",{"micros":19051,"calls":[]},"build_ready",{"micros":11,"calls":[]},"clean_ready",{"micros":0,"calls":[]},"optimize_ready",{"micros":0,"calls":[]},"split_ready",{"micros":1,"calls":[]}]}]}]']}}
[2025-05-30 12:50:55] [DEBUG   ] discord.client: Dispatching event socket_event_type
[2025-05-30 12:50:55] [INFO    ] discord.gateway: Shard ID None has connected to Gateway (Session ID: df7c0a699f7100fd16e168b18bf106f1).
[2025-05-30 12:50:55] [DEBUG   ] discord.client: Dispatching event connect
[2025-05-30 12:50:55] [DEBUG   ] discord.gateway: For Shard ID None: WebSocket Event: {'t': 'GUILD_CREATE', 's': 2, 'op': 0, 'd': {'features': [], 'explicit_content_filter': 0, 'incidents_data': None, 'discovery_splash': None, 'channels': [{'version': 1748614166092, 'type': 4, 'position': 0, 'permission_overwrites': [], 'name': 'Text Channels', 'id': '1378012431959195760', 'flags': 0}, {'version': 1748614166096, 'type': 4, 'position': 0, 'permission_overwrites': [], 'name': 'Voice Channels', 'id': '1378012431959195761', 'flags': 0}, {'version': 1748614166102, 'type': 0, 'topic': None, 'rate_limit_per_user': 0, 'position': 0, 'permission_overwrites': [], 'parent_id': '1378012431959195760', 'name': 'general', 'last_message_id': '1378052216820072559', 'id': '1378012431959195762', 'icon_emoji': {'name': '👋', 'id': None}, 'flags': 0}, {'version': 1748614166113, 'user_limit': 0, 'type': 2, 'rtc_region': None, 'rate_limit_per_user': 0, 'position': 0, 'permission_overwrites': [], 'parent_id': '1378012431959195761', 'name': 'General', 'last_message_id': None, 'id': '1378012431959195763', 'icon_emoji': {'name': '🎙', 'id': None}, 'flags': 0, 'bitrate': 64000}], 'member_count': 2, 'profile': None, 'roles': [{'version': 1748614166090, 'unicode_emoji': None, 'tags': {}, 'position': 0, 'permissions': '2248473465835073', 'name': '@everyone', 'mentionable': False, 'managed': False, 'id': '1378012431959195759', 'icon': None, 'hoist': False, 'flags': 0, 'colors': {'tertiary_color': None, 'secondary_color': None, 'primary_color': 0}, 'color': 0}], 'max_stage_video_channel_users': 50, 'voice_states': [], 'id': '1378012431959195759', 'premium_progress_bar_enabled': False, 'name': 'PDL Test Server', 'lazy': True, 'latest_onboarding_question_id': None, 'afk_timeout': 300, 'stage_instances': [], 'application_command_counts': {}, 'stickers': [], 'members': [{'user': {'username': 'PDL-Bot', 'public_flags': 0, 'primary_guild': None, 'id': '1378001250573877248', 'global_name': None, 'display_name': None, 'discriminator': '3964', 'collectibles': None, 'bot': True, 'avatar_decoration_data': None, 'avatar': '91944bd9f7a0236b14cc239bf7f8372e'}, 'roles': [], 'premium_since': None, 'pending': False, 'nick': None, 'mute': False, 'joined_at': '2025-05-30T14:11:39.430117+00:00', 'flags': 0, 'deaf': False, 'communication_disabled_until': None, 'banner': None, 'avatar': None}], 'embedded_activities': [], 'premium_tier': 0, 'threads': [], 'presences': [], 'icon': None, 'default_message_notifications': 0, 'rules_channel_id': None, 'system_channel_flags': 0, 'unavailable': False, 'nsfw': False, 'description': None, 'premium_subscription_count': 0, 'guild_scheduled_events': [], 'moderator_reporting': None, 'max_members': 500000, 'mfa_level': 0, 'hub_type': None, 'banner': None, 'nsfw_level': 0, 'home_header': None, 'system_channel_id': '1378012431959195762', 'application_id': None, 'large': False, 'verification_level': 0, 'inventory_settings': None, 'public_updates_channel_id': None, 'max_video_channel_users': 25, 'safety_alerts_channel_id': None, 'vanity_url_code': None, 'soundboard_sounds': [], 'activity_instances': [], 'preferred_locale': 'en-US', 'joined_at': '2025-05-30T14:11:39.430117+00:00', 'region': 'deprecated', 'version': 1748614166118, 'owner_id': '361490346770694145', 'splash': None, 'emojis': [], 'premium_features': None, 'afk_channel_id': None}}
[2025-05-30 12:50:55] [DEBUG   ] discord.client: Dispatching event socket_event_type
[2025-05-30 12:50:55] [DEBUG   ] discord.gateway: For Shard ID None: WebSocket Event: {'t': 'GUILD_MEMBERS_CHUNK', 's': 3, 'op': 0, 'd': {'nonce': '380224cda93ee8a6b7728bdee94e2e90', 'members': [{'user': {'username': 'ogtc07', 'public_flags': 256, 'primary_guild': None, 'id': '361490346770694145', 'global_name': 'ogtc07', 'display_name': 'ogtc07', 'discriminator': '0', 'collectibles': None, 'bot': False, 'avatar_decoration_data': None, 'avatar': '933c75493d69f99f24f6dd6aee2c1728'}, 'roles': [], 'premium_since': None, 'pending': False, 'nick': None, 'mute': False, 'joined_at': '2025-05-30T14:09:26.030000+00:00', 'flags': 0, 'deaf': False, 'communication_disabled_until': None, 'banner': None, 'avatar': None}, {'user': {'username': 'PDL-Bot', 'public_flags': 0, 'primary_guild': None, 'id': '1378001250573877248', 'global_name': None, 'display_name': None, 'discriminator': '3964', 'collectibles': None, 'bot': True, 'avatar_decoration_data': None, 'avatar': '91944bd9f7a0236b14cc239bf7f8372e'}, 'roles': [], 'premium_since': None, 'pending': False, 'nick': None, 'mute': False, 'joined_at': '2025-05-30T14:11:39.430117+00:00', 'flags': 0, 'deaf': False, 'communication_disabled_until': None, 'banner': None, 'avatar': None}], 'guild_id': '1378012431959195759', 'chunk_index': 0, 'chunk_count': 1}}
[2025-05-30 12:50:55] [DEBUG   ] discord.client: Dispatching event socket_event_type
[2025-05-30 12:50:55] [DEBUG   ] discord.state: Processed a chunk for 2 members in guild ID 1378012431959195759.
[2025-05-30 12:50:57] [DEBUG   ] discord.client: Dispatching event guild_available
[2025-05-30 12:50:57] [DEBUG   ] discord.client: Dispatching event ready
[2025-05-30 12:51:35] [DEBUG   ] discord.gateway: Keeping shard ID None websocket alive with sequence 3.
[2025-05-30 12:51:35] [DEBUG   ] discord.gateway: For Shard ID None: WebSocket Event: {'t': None, 's': None, 'op': 11, 'd': None}
[2025-05-30 12:51:42] [DEBUG   ] discord.gateway: For Shard ID None: WebSocket Event: {'t': 'MESSAGE_CREATE', 's': 4, 'op': 0, 'd': {'type': 0, 'tts': False, 'timestamp': '2025-05-30T16:51:40.962000+00:00', 'pinned': False, 'nonce': '1378053268470497280', 'mentions': [], 'mention_roles': [], 'mention_everyone': False, 'member': {'roles': [], 'premium_since': None, 'pending': False, 'nick': None, 'mute': False, 'joined_at': '2025-05-30T14:09:26.030000+00:00', 'flags': 0, 'deaf': False, 'communication_disabled_until': None, 'banner': None, 'avatar': None}, 'id': '1378053263299051641', 'flags': 0, 'embeds': [], 'edited_timestamp': None, 'content': '!report_match teamA teamB 5 1', 'components': [], 'channel_type': 0, 'channel_id': '1378012431959195762', 'author': {'username': 'ogtc07', 'public_flags': 256, 'primary_guild': None, 'id': '361490346770694145', 'global_name': 'ogtc07', 'discriminator': '0', 'collectibles': None, 'clan': None, 'avatar_decoration_data': None, 'avatar': '933c75493d69f99f24f6dd6aee2c1728'}, 'attachments': [], 'guild_id': '1378012431959195759'}}
[2025-05-30 12:51:42] [DEBUG   ] discord.client: Dispatching event socket_event_type
[2025-05-30 12:51:42] [DEBUG   ] discord.client: Dispatching event message
[2025-05-30 12:51:42] [DEBUG   ] discord.client: Dispatching event command
[2025-05-30 12:51:42] [DEBUG   ] discord.gateway: For Shard ID None: WebSocket Event: {'t': 'MESSAGE_CREATE', 's': 5, 'op': 0, 'd': {'type': 0, 'tts': False, 'timestamp': '2025-05-30T16:51:41.326000+00:00', 'pinned': False, 'nonce': '8391464976591947206', 'mentions': [], 'mention_roles': [], 'mention_everyone': False, 'member': {'roles': [], 'premium_since': None, 'pending': False, 'nick': None, 'mute': False, 'joined_at': '2025-05-30T14:11:39.430117+00:00', 'flags': 0, 'deaf': False, 'communication_disabled_until': None, 'banner': None, 'avatar': None}, 'id': '1378053264825651301', 'flags': 0, 'embeds': [], 'edited_timestamp': None, 'content': 'Match result reported successfully! The winner is teamA!', 'components': [], 'channel_type': 0, 'channel_id': '1378012431959195762', 'author': {'username': 'PDL-Bot', 'public_flags': 0, 'primary_guild': None, 'id': '1378001250573877248', 'global_name': None, 'discriminator': '3964', 'collectibles': None, 'clan': None, 'bot': True, 'avatar_decoration_data': None, 'avatar': '91944bd9f7a0236b14cc239bf7f8372e'}, 'attachments': [], 'guild_id': '1378012431959195759'}}
[2025-05-30 12:51:42] [DEBUG   ] discord.client: Dispatching event socket_event_type
[2025-05-30 12:51:42] [DEBUG   ] discord.client: Dispatching event message
[2025-05-30 12:51:42] [DEBUG   ] discord.http: POST https://discord.com/api/v10/channels/1378012431959195762/messages with {"content":"Match result reported successfully! The winner is teamA!","components":[],"nonce":"8391464976591947206","enforce_nonce":true,"tts":false} has returned 200
[2025-05-30 12:51:42] [DEBUG   ] discord.http: POST /channels/{channel_id}/messages has found its initial rate limit bucket hash (3df15bae86f6647dd4dfcbd5c6949480).
[2025-05-30 12:51:42] [DEBUG   ] discord.http: POST https://discord.com/api/v10/channels/1378012431959195762/messages has received {'type': 0, 'content': 'Match result reported successfully! The winner is teamA!', 'mentions': [], 'mention_roles': [], 'attachments': [], 'embeds': [], 'timestamp': '2025-05-30T16:51:41.326000+00:00', 'edited_timestamp': None, 'flags': 0, 'components': [], 'id': '1378053264825651301', 'channel_id': '1378012431959195762', 'author': {'id': '1378001250573877248', 'username': 'PDL-Bot', 'avatar': '91944bd9f7a0236b14cc239bf7f8372e', 'discriminator': '3964', 'public_flags': 0, 'flags': 0, 'bot': True, 'banner': None, 'accent_color': None, 'global_name': None, 'avatar_decoration_data': None, 'collectibles': None, 'banner_color': None, 'clan': None, 'primary_guild': None}, 'pinned': False, 'mention_everyone': False, 'tts': False, 'nonce': '8391464976591947206'}
[2025-05-30 12:51:42] [DEBUG   ] discord.client: Dispatching event command_completion
[2025-05-30 12:51:51] [DEBUG   ] discord.gateway: For Shard ID None: WebSocket Event: {'t': 'TYPING_START', 's': 6, 'op': 0, 'd': {'user_id': '361490346770694145', 'timestamp': 1748623909, 'member': {'user': {'username': 'ogtc07', 'public_flags': 256, 'primary_guild': None, 'id': '361490346770694145', 'global_name': 'ogtc07', 'display_name': 'ogtc07', 'discriminator': '0', 'collectibles': None, 'bot': False, 'avatar_decoration_data': None, 'avatar': '933c75493d69f99f24f6dd6aee2c1728'}, 'roles': [], 'premium_since': None, 'pending': False, 'nick': None, 'mute': False, 'joined_at': '2025-05-30T14:09:26.030000+00:00', 'flags': 0, 'deaf': False, 'communication_disabled_until': None, 'banner': None, 'avatar': None}, 'channel_id': '1378012431959195762', 'guild_id': '1378012431959195759'}}
[2025-05-30 12:51:51] [DEBUG   ] discord.client: Dispatching event socket_event_type
[2025-05-30 12:51:51] [DEBUG   ] discord.client: Dispatching event typing
[2025-05-30 12:51:51] [DEBUG   ] discord.client: Dispatching event raw_typing
[2025-05-30 12:52:01] [DEBUG   ] discord.gateway: For Shard ID None: WebSocket Event: {'t': 'MESSAGE_CREATE', 's': 7, 'op': 0, 'd': {'type': 0, 'tts': False, 'timestamp': '2025-05-30T16:51:59.768000+00:00', 'pinned': False, 'nonce': '1378053347151446016', 'mentions': [], 'mention_roles': [], 'mention_everyone': False, 'member': {'roles': [], 'premium_since': None, 'pending': False, 'nick': None, 'mute': False, 'joined_at': '2025-05-30T14:09:26.030000+00:00', 'flags': 0, 'deaf': False, 'communication_disabled_until': None, 'banner': None, 'avatar': None}, 'id': '1378053342177267732', 'flags': 0, 'embeds': [], 'edited_timestamp': None, 'content': '!report_match bob', 'components': [], 'channel_type': 0, 'channel_id': '1378012431959195762', 'author': {'username': 'ogtc07', 'public_flags': 256, 'primary_guild': None, 'id': '361490346770694145', 'global_name': 'ogtc07', 'discriminator': '0', 'collectibles': None, 'clan': None, 'avatar_decoration_data': None, 'avatar': '933c75493d69f99f24f6dd6aee2c1728'}, 'attachments': [], 'guild_id': '1378012431959195759'}}
[2025-05-30 12:52:01] [DEBUG   ] discord.client: Dispatching event socket_event_type
[2025-05-30 12:52:01] [DEBUG   ] discord.client: Dispatching event message
[2025-05-30 12:52:01] [DEBUG   ] discord.client: Dispatching event command
[2025-05-30 12:52:01] [DEBUG   ] discord.client: Dispatching event command_error
[2025-05-30 12:52:01] [ERROR   ] discord.ext.commands.bot: Ignoring exception in command report_match
Traceback (most recent call last):
  File "C:\Users\oweng\AppData\Local\Packages\PythonSoftwareFoundation.Python.3.10_qbz5n2kfra8p0\LocalCache\local-packages\Python310\site-packages\discord\ext\commands\bot.py", line 1366, in invoke
    await ctx.command.invoke(ctx)
  File "C:\Users\oweng\AppData\Local\Packages\PythonSoftwareFoundation.Python.3.10_qbz5n2kfra8p0\LocalCache\local-packages\Python310\site-packages\discord\ext\commands\core.py", line 1021, in invoke
    await self.prepare(ctx)
  File "C:\Users\oweng\AppData\Local\Packages\PythonSoftwareFoundation.Python.3.10_qbz5n2kfra8p0\LocalCache\local-packages\Python310\site-packages\discord\ext\commands\core.py", line 938, in prepare
    await self._parse_arguments(ctx)
  File "C:\Users\oweng\AppData\Local\Packages\PythonSoftwareFoundation.Python.3.10_qbz5n2kfra8p0\LocalCache\local-packages\Python310\site-packages\discord\ext\commands\core.py", line 845, in _parse_arguments
    transformed = await self.transform(ctx, param, attachments)
  File "C:\Users\oweng\AppData\Local\Packages\PythonSoftwareFoundation.Python.3.10_qbz5n2kfra8p0\LocalCache\local-packages\Python310\site-packages\discord\ext\commands\core.py", line 697, in transform
    raise MissingRequiredArgument(param)
discord.ext.commands.errors.MissingRequiredArgument: opponent_team_name is a required argument that is missing.
[2025-05-30 12:52:10] [DEBUG   ] discord.gateway: For Shard ID None: WebSocket Event: {'t': 'TYPING_START', 's': 8, 'op': 0, 'd': {'user_id': '361490346770694145', 'timestamp': 1748623928, 'member': {'user': {'username': 'ogtc07', 'public_flags': 256, 'primary_guild': None, 'id': '361490346770694145', 'global_name': 'ogtc07', 'display_name': 'ogtc07', 'discriminator': '0', 'collectibles': None, 'bot': False, 'avatar_decoration_data': None, 'avatar': '933c75493d69f99f24f6dd6aee2c1728'}, 'roles': [], 'premium_since': None, 'pending': False, 'nick': None, 'mute': False, 'joined_at': '2025-05-30T14:09:26.030000+00:00', 'flags': 0, 'deaf': False, 'communication_disabled_until': None, 'banner': None, 'avatar': None}, 'channel_id': '1378012431959195762', 'guild_id': '1378012431959195759'}}
[2025-05-30 12:52:10] [DEBUG   ] discord.client: Dispatching event socket_event_type
[2025-05-30 12:52:10] [DEBUG   ] discord.client: Dispatching event typing
[2025-05-30 12:52:10] [DEBUG   ] discord.client: Dispatching event raw_typing
[2025-05-30 12:52:17] [DEBUG   ] discord.gateway: Keeping shard ID None websocket alive with sequence 8.
[2025-05-30 12:52:17] [DEBUG   ] discord.gateway: For Shard ID None: WebSocket Event: {'t': 'MESSAGE_CREATE', 's': 9, 'op': 0, 'd': {'type': 0, 'tts': False, 'timestamp': '2025-05-30T16:52:15.644000+00:00', 'pinned': False, 'nonce': '1378053413920571392', 'mentions': [], 'mention_roles': [], 'mention_everyone': False, 'member': {'roles': [], 'premium_since': None, 'pending': False, 'nick': None, 'mute': False, 'joined_at': '2025-05-30T14:09:26.030000+00:00', 'flags': 0, 'deaf': False, 'communication_disabled_until': None, 'banner': None, 'avatar': None}, 'id': '1378053408765771907', 'flags': 0, 'embeds': [], 'edited_timestamp': None, 'content': '!report_match teamA teamB d e', 'components': [], 'channel_type': 0, 'channel_id': '1378012431959195762', 'author': {'username': 'ogtc07', 'public_flags': 256, 'primary_guild': None, 'id': '361490346770694145', 'global_name': 'ogtc07', 'discriminator': '0', 'collectibles': None, 'clan': None, 'avatar_decoration_data': None, 'avatar': '933c75493d69f99f24f6dd6aee2c1728'}, 'attachments': [], 'guild_id': '1378012431959195759'}}
[2025-05-30 12:52:17] [DEBUG   ] discord.client: Dispatching event socket_event_type
[2025-05-30 12:52:17] [DEBUG   ] discord.client: Dispatching event message
[2025-05-30 12:52:17] [DEBUG   ] discord.client: Dispatching event command
[2025-05-30 12:52:17] [DEBUG   ] discord.client: Dispatching event command_error
[2025-05-30 12:52:17] [ERROR   ] discord.ext.commands.bot: Ignoring exception in command report_match
Traceback (most recent call last):
  File "C:\Users\oweng\AppData\Local\Packages\PythonSoftwareFoundation.Python.3.10_qbz5n2kfra8p0\LocalCache\local-packages\Python310\site-packages\discord\ext\commands\converter.py", line 1335, in _actual_conversion
    return converter(argument)
ValueError: invalid literal for int() with base 10: 'd'

The above exception was the direct cause of the following exception:

Traceback (most recent call last):
  File "C:\Users\oweng\AppData\Local\Packages\PythonSoftwareFoundation.Python.3.10_qbz5n2kfra8p0\LocalCache\local-packages\Python310\site-packages\discord\ext\commands\bot.py", line 1366, in invoke
    await ctx.command.invoke(ctx)
  File "C:\Users\oweng\AppData\Local\Packages\PythonSoftwareFoundation.Python.3.10_qbz5n2kfra8p0\LocalCache\local-packages\Python310\site-packages\discord\ext\commands\core.py", line 1021, in invoke
    await self.prepare(ctx)
  File "C:\Users\oweng\AppData\Local\Packages\PythonSoftwareFoundation.Python.3.10_qbz5n2kfra8p0\LocalCache\local-packages\Python310\site-packages\discord\ext\commands\core.py", line 938, in prepare
    await self._parse_arguments(ctx)
  File "C:\Users\oweng\AppData\Local\Packages\PythonSoftwareFoundation.Python.3.10_qbz5n2kfra8p0\LocalCache\local-packages\Python310\site-packages\discord\ext\commands\core.py", line 845, in _parse_arguments
    transformed = await self.transform(ctx, param, attachments)
  File "C:\Users\oweng\AppData\Local\Packages\PythonSoftwareFoundation.Python.3.10_qbz5n2kfra8p0\LocalCache\local-packages\Python310\site-packages\discord\ext\commands\core.py", line 715, in transform
    return await run_converters(ctx, converter, argument, param)  # type: ignore
  File "C:\Users\oweng\AppData\Local\Packages\PythonSoftwareFoundation.Python.3.10_qbz5n2kfra8p0\LocalCache\local-packages\Python310\site-packages\discord\ext\commands\converter.py", line 1444, in run_converters
    return await _actual_conversion(ctx, converter, argument, param)
  File "C:\Users\oweng\AppData\Local\Packages\PythonSoftwareFoundation.Python.3.10_qbz5n2kfra8p0\LocalCache\local-packages\Python310\site-packages\discord\ext\commands\converter.py", line 1344, in _actual_conversion
    raise BadArgument(f'Converting to "{name}" failed for parameter "{param.name}".') from exc
discord.ext.commands.errors.BadArgument: Converting to "int" failed for parameter "team_score".
[2025-05-30 12:52:17] [DEBUG   ] discord.gateway: For Shard ID None: WebSocket Event: {'t': None, 's': None, 'op': 11, 'd': None}
[2025-05-30 12:52:30] [DEBUG   ] discord.gateway: For Shard ID None: WebSocket Event: {'t': 'TYPING_START', 's': 10, 'op': 0, 'd': {'user_id': '361490346770694145', 'timestamp': 1748623948, 'member': {'user': {'username': 'ogtc07', 'public_flags': 256, 'primary_guild': None, 'id': '361490346770694145', 'global_name': 'ogtc07', 'display_name': 'ogtc07', 'discriminator': '0', 'collectibles': None, 'bot': False, 'avatar_decoration_data': None, 'avatar': '933c75493d69f99f24f6dd6aee2c1728'}, 'roles': [], 'premium_since': None, 'pending': False, 'nick': None, 'mute': False, 'joined_at': '2025-05-30T14:09:26.030000+00:00', 'flags': 0, 'deaf': False, 'communication_disabled_until': None, 'banner': None, 'avatar': None}, 'channel_id': '1378012431959195762', 'guild_id': '1378012431959195759'}}
[2025-05-30 12:52:30] [DEBUG   ] discord.client: Dispatching event socket_event_type
[2025-05-30 12:52:30] [DEBUG   ] discord.client: Dispatching event typing
[2025-05-30 12:52:30] [DEBUG   ] discord.client: Dispatching event raw_typing
[2025-05-30 12:52:35] [DEBUG   ] discord.gateway: For Shard ID None: WebSocket Event: {'t': 'MESSAGE_CREATE', 's': 11, 'op': 0, 'd': {'type': 0, 'tts': False, 'timestamp': '2025-05-30T16:52:33.964000+00:00', 'pinned': False, 'nonce': '1378053490714083328', 'mentions': [], 'mention_roles': [], 'mention_everyone': False, 'member': {'roles': [], 'premium_since': None, 'pending': False, 'nick': None, 'mute': False, 'joined_at': '2025-05-30T14:09:26.030000+00:00', 'flags': 0, 'deaf': False, 'communication_disabled_until': None, 'banner': None, 'avatar': None}, 'id': '1378053485605683271', 'flags': 0, 'embeds': [], 'edited_timestamp': None, 'content': '!report_match A B 2 2', 'components': [], 'channel_type': 0, 'channel_id': '1378012431959195762', 'author': {'username': 'ogtc07', 'public_flags': 256, 'primary_guild': None, 'id': '361490346770694145', 'global_name': 'ogtc07', 'discriminator': '0', 'collectibles': None, 'clan': None, 'avatar_decoration_data': None, 'avatar': '933c75493d69f99f24f6dd6aee2c1728'}, 'attachments': [], 'guild_id': '1378012431959195759'}}
[2025-05-30 12:52:35] [DEBUG   ] discord.client: Dispatching event socket_event_type
[2025-05-30 12:52:35] [DEBUG   ] discord.client: Dispatching event message
[2025-05-30 12:52:35] [DEBUG   ] discord.client: Dispatching event command
[2025-05-30 12:52:35] [DEBUG   ] discord.gateway: For Shard ID None: WebSocket Event: {'t': 'MESSAGE_CREATE', 's': 12, 'op': 0, 'd': {'type': 0, 'tts': False, 'timestamp': '2025-05-30T16:52:34.132000+00:00', 'pinned': False, 'nonce': '12478414656544930821', 'mentions': [], 'mention_roles': [], 'mention_everyone': False, 'member': {'roles': [], 'premium_since': None, 'pending': False, 'nick': None, 'mute': False, 'joined_at': '2025-05-30T14:11:39.430117+00:00', 'flags': 0, 'deaf': False, 'communication_disabled_until': None, 'banner': None, 'avatar': None}, 'id': '1378053486310068275', 'flags': 0, 'embeds': [], 'edited_timestamp': None, 'content': 'Match cannot be reported as a draw.', 'components': [], 'channel_type': 0, 'channel_id': '1378012431959195762', 'author': {'username': 'PDL-Bot', 'public_flags': 0, 'primary_guild': None, 'id': '1378001250573877248', 'global_name': None, 'discriminator': '3964', 'collectibles': None, 'clan': None, 'bot': True, 'avatar_decoration_data': None, 'avatar': '91944bd9f7a0236b14cc239bf7f8372e'}, 'attachments': [], 'guild_id': '1378012431959195759'}}
[2025-05-30 12:52:35] [DEBUG   ] discord.client: Dispatching event socket_event_type
[2025-05-30 12:52:35] [DEBUG   ] discord.client: Dispatching event message
[2025-05-30 12:52:35] [DEBUG   ] discord.http: POST https://discord.com/api/v10/channels/1378012431959195762/messages with {"content":"Match cannot be reported as a draw.","components":[],"nonce":"12478414656544930821","enforce_nonce":true,"tts":false} has returned 200
[2025-05-30 12:52:35] [DEBUG   ] discord.http: POST https://discord.com/api/v10/channels/1378012431959195762/messages has received {'type': 0, 'content': 'Match cannot be reported as a draw.', 'mentions': [], 'mention_roles': [], 'attachments': [], 'embeds': [], 'timestamp': '2025-05-30T16:52:34.132000+00:00', 'edited_timestamp': None, 'flags': 0, 'components': [], 'id': '1378053486310068275', 'channel_id': '1378012431959195762', 'author': {'id': '1378001250573877248', 'username': 'PDL-Bot', 'avatar': '91944bd9f7a0236b14cc239bf7f8372e', 'discriminator': '3964', 'public_flags': 0, 'flags': 0, 'bot': True, 'banner': None, 'accent_color': None, 'global_name': None, 'avatar_decoration_data': None, 'collectibles': None, 'banner_color': None, 'clan': None, 'primary_guild': None}, 'pinned': False, 'mention_everyone': False, 'tts': False, 'nonce': '12478414656544930821'}
[2025-05-30 12:52:35] [DEBUG   ] discord.client: Dispatching event command_completion
[2025-05-30 12:52:38] [DEBUG   ] discord.gateway: For Shard ID None: WebSocket Event: {'t': 'TYPING_START', 's': 13, 'op': 0, 'd': {'user_id': '361490346770694145', 'timestamp': 1748623956, 'member': {'user': {'username': 'ogtc07', 'public_flags': 256, 'primary_guild': None, 'id': '361490346770694145', 'global_name': 'ogtc07', 'display_name': 'ogtc07', 'discriminator': '0', 'collectibles': None, 'bot': False, 'avatar_decoration_data': None, 'avatar': '933c75493d69f99f24f6dd6aee2c1728'}, 'roles': [], 'premium_since': None, 'pending': False, 'nick': None, 'mute': False, 'joined_at': '2025-05-30T14:09:26.030000+00:00', 'flags': 0, 'deaf': False, 'communication_disabled_until': None, 'banner': None, 'avatar': None}, 'channel_id': '1378012431959195762', 'guild_id': '1378012431959195759'}}
[2025-05-30 12:52:38] [DEBUG   ] discord.client: Dispatching event socket_event_type
[2025-05-30 12:52:38] [DEBUG   ] discord.client: Dispatching event typing
[2025-05-30 12:52:38] [DEBUG   ] discord.client: Dispatching event raw_typing
[2025-05-30 12:52:42] [DEBUG   ] discord.gateway: For Shard ID None: WebSocket Event: {'t': 'MESSAGE_CREATE', 's': 14, 'op': 0, 'd': {'type': 0, 'tts': False, 'timestamp': '2025-05-30T16:52:41.031000+00:00', 'pinned': False, 'nonce': '1378053520015491072', 'mentions': [], 'mention_roles': [], 'mention_everyone': False, 'member': {'roles': [], 'premium_since': None, 'pending': False, 'nick': None, 'mute': False, 'joined_at': '2025-05-30T14:09:26.030000+00:00', 'flags': 0, 'deaf': False, 'communication_disabled_until': None, 'banner': None, 'avatar': None}, 'id': '1378053515246833866', 'flags': 0, 'embeds': [], 'edited_timestamp': None, 'content': '!report_match A A 2 1', 'components': [], 'channel_type': 0, 'channel_id': '1378012431959195762', 'author': {'username': 'ogtc07', 'public_flags': 256, 'primary_guild': None, 'id': '361490346770694145', 'global_name': 'ogtc07', 'discriminator': '0', 'collectibles': None, 'clan': None, 'avatar_decoration_data': None, 'avatar': '933c75493d69f99f24f6dd6aee2c1728'}, 'attachments': [], 'guild_id': '1378012431959195759'}}
[2025-05-30 12:52:42] [DEBUG   ] discord.client: Dispatching event socket_event_type
[2025-05-30 12:52:42] [DEBUG   ] discord.client: Dispatching event message
[2025-05-30 12:52:42] [DEBUG   ] discord.client: Dispatching event command
[2025-05-30 12:52:42] [DEBUG   ] discord.gateway: For Shard ID None: WebSocket Event: {'t': 'MESSAGE_CREATE', 's': 15, 'op': 0, 'd': {'type': 0, 'tts': False, 'timestamp': '2025-05-30T16:52:41.085000+00:00', 'pinned': False, 'nonce': '2525081118654766245', 'mentions': [], 'mention_roles': [], 'mention_everyone': False, 'member': {'roles': [], 'premium_since': None, 'pending': False, 'nick': None, 'mute': False, 'joined_at': '2025-05-30T14:11:39.430117+00:00', 'flags': 0, 'deaf': False, 'communication_disabled_until': None, 'banner': None, 'avatar': None}, 'id': '1378053515473190913', 'flags': 0, 'embeds': [], 'edited_timestamp': None, 'content': 'You cannot report a match against the same team.', 'components': [], 'channel_type': 0, 'channel_id': '1378012431959195762', 'author': {'username': 'PDL-Bot', 'public_flags': 0, 'primary_guild': None, 'id': '1378001250573877248', 'global_name': None, 'discriminator': '3964', 'collectibles': None, 'clan': None, 'bot': True, 'avatar_decoration_data': None, 'avatar': '91944bd9f7a0236b14cc239bf7f8372e'}, 'attachments': [], 'guild_id': '1378012431959195759'}}
[2025-05-30 12:52:42] [DEBUG   ] discord.client: Dispatching event socket_event_type
[2025-05-30 12:52:42] [DEBUG   ] discord.client: Dispatching event message
[2025-05-30 12:52:42] [DEBUG   ] discord.http: POST https://discord.com/api/v10/channels/1378012431959195762/messages with {"content":"You cannot report a match against the same team.","components":[],"nonce":"2525081118654766245","enforce_nonce":true,"tts":false} has returned 200
[2025-05-30 12:52:42] [DEBUG   ] discord.http: POST https://discord.com/api/v10/channels/1378012431959195762/messages has received {'type': 0, 'content': 'You cannot report a match against the same team.', 'mentions': [], 'mention_roles': [], 'attachments': [], 'embeds': [], 'timestamp': '2025-05-30T16:52:41.085000+00:00', 'edited_timestamp': None, 'flags': 0, 'components': [], 'id': '1378053515473190913', 'channel_id': '1378012431959195762', 'author': {'id': '1378001250573877248', 'username': 'PDL-Bot', 'avatar': '91944bd9f7a0236b14cc239bf7f8372e', 'discriminator': '3964', 'public_flags': 0, 'flags': 0, 'bot': True, 'banner': None, 'accent_color': None, 'global_name': None, 'avatar_decoration_data': None, 'collectibles': None, 'banner_color': None, 'clan': None, 'primary_guild': None}, 'pinned': False, 'mention_everyone': False, 'tts': False, 'nonce': '2525081118654766245'}
[2025-05-30 12:52:42] [DEBUG   ] discord.client: Dispatching event command_completion
[2025-05-30 12:52:58] [DEBUG   ] discord.gateway: Keeping shard ID None websocket alive with sequence 15.
[2025-05-30 12:52:58] [DEBUG   ] discord.gateway: For Shard ID None: WebSocket Event: {'t': None, 's': None, 'op': 11, 'd': None}
[2025-05-30 12:53:39] [DEBUG   ] discord.gateway: Keeping shard ID None websocket alive with sequence 15.
[2025-05-30 12:53:39] [DEBUG   ] discord.gateway: For Shard ID None: WebSocket Event: {'t': None, 's': None, 'op': 11, 'd': None}
[2025-05-30 12:54:20] [DEBUG   ] discord.gateway: Keeping shard ID None websocket alive with sequence 15.
[2025-05-30 12:54:20] [DEBUG   ] discord.gateway: For Shard ID None: WebSocket Event: {'t': None, 's': None, 'op': 11, 'd': None}
